0 info it worked if it ends with ok
1 verbose cli [ '/usr/bin/node', '/usr/bin/npm', 'init' ]
2 info using npm@1.4.28
3 info using node@v0.10.40
4 verbose node symlink /usr/bin/node
5 silly package data undefined
6 info init written successfully
7 error Error: Invalid version: "1"
7 error     at Object.module.exports.fixVersionField (/usr/lib/node_modules/npm/node_modules/read-package-json/node_modules/normalize-package-data/lib/fixer.js:183:13)
7 error     at /usr/lib/node_modules/npm/node_modules/read-package-json/node_modules/normalize-package-data/lib/normalize.js:30:38
7 error     at Array.forEach (native)
7 error     at normalize (/usr/lib/node_modules/npm/node_modules/read-package-json/node_modules/normalize-package-data/lib/normalize.js:29:15)
7 error     at final (/usr/lib/node_modules/npm/node_modules/read-package-json/read-json.js:342:33)
7 error     at then (/usr/lib/node_modules/npm/node_modules/read-package-json/read-json.js:126:33)
7 error     at /usr/lib/node_modules/npm/node_modules/read-package-json/read-json.js:316:48
7 error     at evalmachine.<anonymous>:208:20
7 error     at OpenReq.Req.done (/usr/lib/node_modules/npm/node_modules/graceful-fs/graceful-fs.js:141:5)
7 error     at OpenReq.done (/usr/lib/node_modules/npm/node_modules/graceful-fs/graceful-fs.js:61:22)
8 error If you need help, you may report this *entire* log,
8 error including the npm and node versions, at:
8 error     <http://github.com/npm/npm/issues>
9 error System Linux 3.13.0-32-generic
10 error command "/usr/bin/node" "/usr/bin/npm" "init"
11 error cwd /home/user/Desktop/cmsc100week2
12 error node -v v0.10.40
13 error npm -v 1.4.28
14 verbose exit [ 1, true ]
